<?xml version="1.0" encoding="UTF-8"?>
<testsuite name="citrus.tests.reqres.GetUser_Test" time="0.0" tests="1" errors="0" skipped="0" failures="0">
    <testcase name="GetUser_Test.getActions" classname="citrus.tests.reqres.GetUser_Test" time="0.0"/>
</testsuite>